<?xml version="1.0" encoding="UTF-8"?>
<!-- Generated by org.testng.reporters.JUnitXMLReporter -->
<testsuite hostname="Pujas-MacBook-Air.local" name="Default test" tests="5" failures="0" timestamp="6 Aug 2020 15:05:32 GMT" time="48.321" errors="0">
  <testcase name="titleTest" time="0.035" classname="com.amzn.qa.testcases.HomePageTest"/>
  <testcase name="homeuserloginnameTest" time="0.12" classname="com.amzn.qa.testcases.HomePageTest"/>
  <testcase name="viewallorderTest" time="0.639" classname="com.amzn.qa.testcases.HomePageTest"/>
  <testcase name="productsTest" time="0.529" classname="com.amzn.qa.testcases.HomePageTest"/>
  <testcase name="ordersTest" time="0.95" classname="com.amzn.qa.testcases.HomePageTest"/>
</testsuite> <!-- Default test -->
