<?xml version="1.0" encoding="UTF-8"?>
<!-- Generated by org.testng.reporters.JUnitXMLReporter -->
<testsuite hostname="Pujas-MacBook-Air.local" name="Different testng Feature Test Pages" tests="15" failures="0" timestamp="4 Aug 2020 13:29:33 GMT" time="139.136" errors="0">
  <testcase name="createneworderTest" time="1.028" classname="com.amzn.qa.testcases.OrdersPageTest"/>
  <testcase name="createneworderTest" time="0.695" classname="com.amzn.qa.testcases.OrdersPageTest"/>
  <testcase name="createneworderTest" time="0.754" classname="com.amzn.qa.testcases.OrdersPageTest"/>
  <testcase name="createneworderTest" time="0.696" classname="com.amzn.qa.testcases.OrdersPageTest"/>
  <testcase name="loginPageTitleTest" time="0.011" classname="com.amzn.qa.testcases.LoginPageTest"/>
  <testcase name="titleTest" time="0.014" classname="com.amzn.qa.testcases.HomePageTest"/>
  <testcase name="labelTest" time="0.054" classname="com.amzn.qa.testcases.ViewAllOrdersPageTest"/>
  <testcase name="loginPageUsernamelabelTest" time="0.038" classname="com.amzn.qa.testcases.LoginPageTest"/>
  <testcase name="homeuserloginnameTest" time="0.045" classname="com.amzn.qa.testcases.HomePageTest"/>
  <testcase name="checkboxTest" time="0.506" classname="com.amzn.qa.testcases.ViewAllOrdersPageTest"/>
  <testcase name="loginPagePasswordlabelTest" time="0.038" classname="com.amzn.qa.testcases.LoginPageTest"/>
  <testcase name="viewallorderTest" time="0.617" classname="com.amzn.qa.testcases.HomePageTest"/>
  <testcase name="loginPageLogin" time="2.634" classname="com.amzn.qa.testcases.LoginPageTest"/>
  <testcase name="productsTest" time="0.452" classname="com.amzn.qa.testcases.HomePageTest"/>
  <testcase name="ordersTest" time="5.081" classname="com.amzn.qa.testcases.HomePageTest"/>
</testsuite> <!-- Different testng Feature Test Pages -->
